<?xml version="1.0" encoding="UTF-8"?>
<testng-results skipped="0" failed="0" ignored="0" total="1" passed="1">
  <reporter-output>
  </reporter-output>
  <suite name="Default suite" duration-ms="133853" started-at="2022-03-23T13:06:55 IST" finished-at="2022-03-23T13:09:09 IST">
    <groups>
    </groups>
    <test name="Default test" duration-ms="133853" started-at="2022-03-23T13:06:55 IST" finished-at="2022-03-23T13:09:09 IST">
      <class name="HelixSenseTests.IncidentRaiseTicketTest">
        <test-method status="PASS" signature="beforeSuite()[pri:0, instance:HelixSenseTests.IncidentRaiseTicketTest@12d3247]" name="beforeSuite" is-config="true" duration-ms="1959" started-at="2022-03-23T13:06:53 IST" finished-at="2022-03-23T13:06:55 IST">
          <reporter-output>
          </reporter-output>
        </test-method> <!-- beforeSuite -->
        <test-method status="PASS" signature="extentReportBeforeClass()[pri:0, instance:HelixSenseTests.IncidentRaiseTicketTest@12d3247]" name="extentReportBeforeClass" is-config="true" duration-ms="11" started-at="2022-03-23T13:06:55 IST" finished-at="2022-03-23T13:06:55 IST">
          <reporter-output>
          </reporter-output>
        </test-method> <!-- extentReportBeforeClass -->
        <test-method status="PASS" signature="extentReportBeforeMethod(java.lang.reflect.Method)[pri:0, instance:HelixSenseTests.IncidentRaiseTicketTest@12d3247]" name="extentReportBeforeMethod" is-config="true" duration-ms="7" started-at="2022-03-23T13:06:55 IST" finished-at="2022-03-23T13:06:55 IST">
          <params>
            <param index="0">
              <value>
                <![CDATA[public void HelixSenseTests.IncidentRaiseTicketTest.verifyIncidentManagementRaiseTicket() throws java.lang.InterruptedException]]>
              </value>
            </param>
          </params>
          <reporter-output>
          </reporter-output>
        </test-method> <!-- extentReportBeforeMethod -->
        <test-method status="PASS" signature="testSetup(java.lang.reflect.Method)[pri:0, instance:HelixSenseTests.IncidentRaiseTicketTest@12d3247]" name="testSetup" is-config="true" duration-ms="21794" started-at="2022-03-23T13:06:55 IST" finished-at="2022-03-23T13:07:17 IST">
          <params>
            <param index="0">
              <value>
                <![CDATA[public void HelixSenseTests.IncidentRaiseTicketTest.verifyIncidentManagementRaiseTicket() throws java.lang.InterruptedException]]>
              </value>
            </param>
          </params>
          <reporter-output>
          </reporter-output>
        </test-method> <!-- testSetup -->
        <test-method status="PASS" signature="verifyIncidentManagementRaiseTicket()[pri:0, instance:HelixSenseTests.IncidentRaiseTicketTest@12d3247]" name="verifyIncidentManagementRaiseTicket" duration-ms="109178" started-at="2022-03-23T13:07:17 IST" finished-at="2022-03-23T13:09:06 IST">
          <reporter-output>
          </reporter-output>
        </test-method> <!-- verifyIncidentManagementRaiseTicket -->
        <test-method status="PASS" signature="testCleanUp(org.testng.ITestResult)[pri:0, instance:HelixSenseTests.IncidentRaiseTicketTest@12d3247]" name="testCleanUp" is-config="true" duration-ms="2023" started-at="2022-03-23T13:09:06 IST" finished-at="2022-03-23T13:09:08 IST">
          <params>
            <param index="0">
              <value>
                <![CDATA[[TestResult name=verifyIncidentManagementRaiseTicket status=SUCCESS method=IncidentRaiseTicketTest.verifyIncidentManagementRaiseTicket()[pri:0, instance:HelixSenseTests.IncidentRaiseTicketTest@12d3247] output={null}]]]>
              </value>
            </param>
          </params>
          <reporter-output>
          </reporter-output>
        </test-method> <!-- testCleanUp -->
        <test-method status="PASS" signature="extentReportAfterMethod(org.testng.ITestResult,java.lang.reflect.Method)[pri:0, instance:HelixSenseTests.IncidentRaiseTicketTest@12d3247]" name="extentReportAfterMethod" is-config="true" duration-ms="749" started-at="2022-03-23T13:09:08 IST" depends-on-methods="HelixSenseTests.HelixSenseTestBase.testCleanUp" finished-at="2022-03-23T13:09:09 IST">
          <params>
            <param index="0">
              <value>
                <![CDATA[[TestResult name=verifyIncidentManagementRaiseTicket status=SUCCESS method=IncidentRaiseTicketTest.verifyIncidentManagementRaiseTicket()[pri:0, instance:HelixSenseTests.IncidentRaiseTicketTest@12d3247] output={null}]]]>
              </value>
            </param>
            <param index="1">
              <value>
                <![CDATA[public void HelixSenseTests.IncidentRaiseTicketTest.verifyIncidentManagementRaiseTicket() throws java.lang.InterruptedException]]>
              </value>
            </param>
          </params>
          <reporter-output>
          </reporter-output>
        </test-method> <!-- extentReportAfterMethod -->
      </class> <!-- HelixSenseTests.IncidentRaiseTicketTest -->
    </test> <!-- Default test -->
  </suite> <!-- Default suite -->
</testng-results>
