<?xml version="1.0" encoding="UTF-8"?>
<testng-results skipped="0" failed="0" ignored="0" total="1" passed="1">
  <reporter-output>
  </reporter-output>
  <suite name="Default suite" duration-ms="60667" started-at="2022-03-02T12:21:43 IST" finished-at="2022-03-02T12:22:43 IST">
    <groups>
    </groups>
    <test name="Default test" duration-ms="60667" started-at="2022-03-02T12:21:43 IST" finished-at="2022-03-02T12:22:43 IST">
      <class name="HelixSenseTests.HelixSearchByQRCodeTest">
        <test-method status="PASS" signature="beforeSuite()[pri:0, instance:HelixSenseTests.HelixSearchByQRCodeTest@ad1f1f]" name="beforeSuite" is-config="true" duration-ms="1164" started-at="2022-03-02T12:21:42 IST" finished-at="2022-03-02T12:21:43 IST">
          <reporter-output>
          </reporter-output>
        </test-method> <!-- beforeSuite -->
        <test-method status="PASS" signature="extentReportBeforeClass()[pri:0, instance:HelixSenseTests.HelixSearchByQRCodeTest@ad1f1f]" name="extentReportBeforeClass" is-config="true" duration-ms="6" started-at="2022-03-02T12:21:43 IST" finished-at="2022-03-02T12:21:43 IST">
          <reporter-output>
          </reporter-output>
        </test-method> <!-- extentReportBeforeClass -->
        <test-method status="PASS" signature="extentReportBeforeMethod(java.lang.reflect.Method)[pri:0, instance:HelixSenseTests.HelixSearchByQRCodeTest@ad1f1f]" name="extentReportBeforeMethod" is-config="true" duration-ms="4" started-at="2022-03-02T12:21:43 IST" finished-at="2022-03-02T12:21:43 IST">
          <params>
            <param index="0">
              <value>
                <![CDATA[public void HelixSenseTests.HelixSearchByQRCodeTest.verifyHelixSenseSearchByQR() throws java.lang.InterruptedException]]>
              </value>
            </param>
          </params>
          <reporter-output>
          </reporter-output>
        </test-method> <!-- extentReportBeforeMethod -->
        <test-method status="PASS" signature="testSetup(java.lang.reflect.Method)[pri:0, instance:HelixSenseTests.HelixSearchByQRCodeTest@ad1f1f]" name="testSetup" is-config="true" duration-ms="21669" started-at="2022-03-02T12:21:43 IST" finished-at="2022-03-02T12:22:05 IST">
          <params>
            <param index="0">
              <value>
                <![CDATA[public void HelixSenseTests.HelixSearchByQRCodeTest.verifyHelixSenseSearchByQR() throws java.lang.InterruptedException]]>
              </value>
            </param>
          </params>
          <reporter-output>
          </reporter-output>
        </test-method> <!-- testSetup -->
        <test-method status="PASS" signature="verifyHelixSenseSearchByQR()[pri:0, instance:HelixSenseTests.HelixSearchByQRCodeTest@ad1f1f]" name="verifyHelixSenseSearchByQR" duration-ms="36713" started-at="2022-03-02T12:22:05 IST" finished-at="2022-03-02T12:22:41 IST">
          <reporter-output>
          </reporter-output>
        </test-method> <!-- verifyHelixSenseSearchByQR -->
        <test-method status="PASS" signature="testCleanUp(org.testng.ITestResult)[pri:0, instance:HelixSenseTests.HelixSearchByQRCodeTest@ad1f1f]" name="testCleanUp" is-config="true" duration-ms="1484" started-at="2022-03-02T12:22:41 IST" finished-at="2022-03-02T12:22:43 IST">
          <params>
            <param index="0">
              <value>
                <![CDATA[[TestResult name=verifyHelixSenseSearchByQR status=SUCCESS method=HelixSearchByQRCodeTest.verifyHelixSenseSearchByQR()[pri:0, instance:HelixSenseTests.HelixSearchByQRCodeTest@ad1f1f] output={null}]]]>
              </value>
            </param>
          </params>
          <reporter-output>
          </reporter-output>
        </test-method> <!-- testCleanUp -->
        <test-method status="PASS" signature="extentReportAfterMethod(org.testng.ITestResult)[pri:0, instance:HelixSenseTests.HelixSearchByQRCodeTest@ad1f1f]" name="extentReportAfterMethod" is-config="true" duration-ms="737" started-at="2022-03-02T12:22:43 IST" depends-on-methods="HelixSenseTests.HelixSenseTestBase.testCleanUp" finished-at="2022-03-02T12:22:43 IST">
          <params>
            <param index="0">
              <value>
                <![CDATA[[TestResult name=verifyHelixSenseSearchByQR status=SUCCESS method=HelixSearchByQRCodeTest.verifyHelixSenseSearchByQR()[pri:0, instance:HelixSenseTests.HelixSearchByQRCodeTest@ad1f1f] output={null}]]]>
              </value>
            </param>
          </params>
          <reporter-output>
          </reporter-output>
        </test-method> <!-- extentReportAfterMethod -->
      </class> <!-- HelixSenseTests.HelixSearchByQRCodeTest -->
    </test> <!-- Default test -->
  </suite> <!-- Default suite -->
</testng-results>
