<?xml version="1.0" encoding="UTF-8"?>
<testng-results skipped="0" failed="0" ignored="0" total="1" passed="1">
  <reporter-output>
  </reporter-output>
  <suite name="Default suite" duration-ms="97921" started-at="2022-03-01T12:01:20 IST" finished-at="2022-03-01T12:02:58 IST">
    <groups>
    </groups>
    <test name="Default test" duration-ms="97921" started-at="2022-03-01T12:01:20 IST" finished-at="2022-03-01T12:02:58 IST">
      <class name="HelixSenseTests.IncidentRaiseTicketTest">
        <test-method status="PASS" signature="beforeSuite()[pri:0, instance:HelixSenseTests.IncidentRaiseTicketTest@ad1f1f]" name="beforeSuite" is-config="true" duration-ms="1529" started-at="2022-03-01T12:01:18 IST" finished-at="2022-03-01T12:01:20 IST">
          <reporter-output>
          </reporter-output>
        </test-method> <!-- beforeSuite -->
        <test-method status="PASS" signature="extentReportBeforeClass()[pri:0, instance:HelixSenseTests.IncidentRaiseTicketTest@ad1f1f]" name="extentReportBeforeClass" is-config="true" duration-ms="8" started-at="2022-03-01T12:01:20 IST" finished-at="2022-03-01T12:01:20 IST">
          <reporter-output>
          </reporter-output>
        </test-method> <!-- extentReportBeforeClass -->
        <test-method status="PASS" signature="extentReportBeforeMethod(java.lang.reflect.Method)[pri:0, instance:HelixSenseTests.IncidentRaiseTicketTest@ad1f1f]" name="extentReportBeforeMethod" is-config="true" duration-ms="5" started-at="2022-03-01T12:01:20 IST" finished-at="2022-03-01T12:01:20 IST">
          <params>
            <param index="0">
              <value>
                <![CDATA[public void HelixSenseTests.IncidentRaiseTicketTest.verifyIncidentManagementRaiseTicket() throws java.lang.InterruptedException]]>
              </value>
            </param>
          </params>
          <reporter-output>
          </reporter-output>
        </test-method> <!-- extentReportBeforeMethod -->
        <test-method status="PASS" signature="testSetup(java.lang.reflect.Method)[pri:0, instance:HelixSenseTests.IncidentRaiseTicketTest@ad1f1f]" name="testSetup" is-config="true" duration-ms="23073" started-at="2022-03-01T12:01:20 IST" finished-at="2022-03-01T12:01:43 IST">
          <params>
            <param index="0">
              <value>
                <![CDATA[public void HelixSenseTests.IncidentRaiseTicketTest.verifyIncidentManagementRaiseTicket() throws java.lang.InterruptedException]]>
              </value>
            </param>
          </params>
          <reporter-output>
          </reporter-output>
        </test-method> <!-- testSetup -->
        <test-method status="PASS" signature="verifyIncidentManagementRaiseTicket()[pri:0, instance:HelixSenseTests.IncidentRaiseTicketTest@ad1f1f]" name="verifyIncidentManagementRaiseTicket" duration-ms="72596" started-at="2022-03-01T12:01:43 IST" finished-at="2022-03-01T12:02:56 IST">
          <reporter-output>
          </reporter-output>
        </test-method> <!-- verifyIncidentManagementRaiseTicket -->
        <test-method status="PASS" signature="testCleanUp(org.testng.ITestResult)[pri:0, instance:HelixSenseTests.IncidentRaiseTicketTest@ad1f1f]" name="testCleanUp" is-config="true" duration-ms="1538" started-at="2022-03-01T12:02:56 IST" finished-at="2022-03-01T12:02:57 IST">
          <params>
            <param index="0">
              <value>
                <![CDATA[[TestResult name=verifyIncidentManagementRaiseTicket status=SUCCESS method=IncidentRaiseTicketTest.verifyIncidentManagementRaiseTicket()[pri:0, instance:HelixSenseTests.IncidentRaiseTicketTest@ad1f1f] output={null}]]]>
              </value>
            </param>
          </params>
          <reporter-output>
          </reporter-output>
        </test-method> <!-- testCleanUp -->
        <test-method status="PASS" signature="extentReportAfterMethod(org.testng.ITestResult)[pri:0, instance:HelixSenseTests.IncidentRaiseTicketTest@ad1f1f]" name="extentReportAfterMethod" is-config="true" duration-ms="643" started-at="2022-03-01T12:02:57 IST" depends-on-methods="HelixSenseTests.HelixSenseTestBase.testCleanUp" finished-at="2022-03-01T12:02:58 IST">
          <params>
            <param index="0">
              <value>
                <![CDATA[[TestResult name=verifyIncidentManagementRaiseTicket status=SUCCESS method=IncidentRaiseTicketTest.verifyIncidentManagementRaiseTicket()[pri:0, instance:HelixSenseTests.IncidentRaiseTicketTest@ad1f1f] output={null}]]]>
              </value>
            </param>
          </params>
          <reporter-output>
          </reporter-output>
        </test-method> <!-- extentReportAfterMethod -->
      </class> <!-- HelixSenseTests.IncidentRaiseTicketTest -->
    </test> <!-- Default test -->
  </suite> <!-- Default suite -->
</testng-results>
