<?xml version="1.0" encoding="UTF-8"?>
<testng-results skipped="0" failed="0" ignored="0" total="1" passed="1">
  <reporter-output>
  </reporter-output>
  <suite name="Default suite" duration-ms="43130" started-at="2022-03-02T18:13:27 IST" finished-at="2022-03-02T18:14:10 IST">
    <groups>
    </groups>
    <test name="Default test" duration-ms="43130" started-at="2022-03-02T18:13:27 IST" finished-at="2022-03-02T18:14:10 IST">
      <class name="HelixSenseTests.HelpdeskRaiseTicketByLocationTest">
        <test-method status="PASS" signature="beforeSuite()[pri:0, instance:HelixSenseTests.HelpdeskRaiseTicketByLocationTest@ad1f1f]" name="beforeSuite" is-config="true" duration-ms="1241" started-at="2022-03-02T18:13:26 IST" finished-at="2022-03-02T18:13:27 IST">
          <reporter-output>
          </reporter-output>
        </test-method> <!-- beforeSuite -->
        <test-method status="PASS" signature="extentReportBeforeClass()[pri:0, instance:HelixSenseTests.HelpdeskRaiseTicketByLocationTest@ad1f1f]" name="extentReportBeforeClass" is-config="true" duration-ms="6" started-at="2022-03-02T18:13:27 IST" finished-at="2022-03-02T18:13:27 IST">
          <reporter-output>
          </reporter-output>
        </test-method> <!-- extentReportBeforeClass -->
        <test-method status="PASS" signature="extentReportBeforeMethod(java.lang.reflect.Method)[pri:0, instance:HelixSenseTests.HelpdeskRaiseTicketByLocationTest@ad1f1f]" name="extentReportBeforeMethod" is-config="true" duration-ms="4" started-at="2022-03-02T18:13:27 IST" finished-at="2022-03-02T18:13:27 IST">
          <params>
            <param index="0">
              <value>
                <![CDATA[public void HelixSenseTests.HelpdeskRaiseTicketByLocationTest.verifyHelpdeskRaiseTicketByLocation() throws java.lang.InterruptedException]]>
              </value>
            </param>
          </params>
          <reporter-output>
          </reporter-output>
        </test-method> <!-- extentReportBeforeMethod -->
        <test-method status="PASS" signature="testSetup(java.lang.reflect.Method)[pri:0, instance:HelixSenseTests.HelpdeskRaiseTicketByLocationTest@ad1f1f]" name="testSetup" is-config="true" duration-ms="11425" started-at="2022-03-02T18:13:27 IST" finished-at="2022-03-02T18:13:38 IST">
          <params>
            <param index="0">
              <value>
                <![CDATA[public void HelixSenseTests.HelpdeskRaiseTicketByLocationTest.verifyHelpdeskRaiseTicketByLocation() throws java.lang.InterruptedException]]>
              </value>
            </param>
          </params>
          <reporter-output>
          </reporter-output>
        </test-method> <!-- testSetup -->
        <test-method status="PASS" signature="verifyHelpdeskRaiseTicketByLocation()[pri:0, instance:HelixSenseTests.HelpdeskRaiseTicketByLocationTest@ad1f1f]" name="verifyHelpdeskRaiseTicketByLocation" duration-ms="30428" started-at="2022-03-02T18:13:38 IST" finished-at="2022-03-02T18:14:09 IST">
          <reporter-output>
          </reporter-output>
        </test-method> <!-- verifyHelpdeskRaiseTicketByLocation -->
        <test-method status="PASS" signature="testCleanUp(org.testng.ITestResult)[pri:0, instance:HelixSenseTests.HelpdeskRaiseTicketByLocationTest@ad1f1f]" name="testCleanUp" is-config="true" duration-ms="561" started-at="2022-03-02T18:14:09 IST" finished-at="2022-03-02T18:14:09 IST">
          <params>
            <param index="0">
              <value>
                <![CDATA[[TestResult name=verifyHelpdeskRaiseTicketByLocation status=SUCCESS method=HelpdeskRaiseTicketByLocationTest.verifyHelpdeskRaiseTicketByLocation()[pri:0, instance:HelixSenseTests.HelpdeskRaiseTicketByLocationTest@ad1f1f] output={null}]]]>
              </value>
            </param>
          </params>
          <reporter-output>
          </reporter-output>
        </test-method> <!-- testCleanUp -->
        <test-method status="PASS" signature="extentReportAfterMethod(org.testng.ITestResult)[pri:0, instance:HelixSenseTests.HelpdeskRaiseTicketByLocationTest@ad1f1f]" name="extentReportAfterMethod" is-config="true" duration-ms="603" started-at="2022-03-02T18:14:09 IST" depends-on-methods="HelixSenseTests.HelixSenseTestBase.testCleanUp" finished-at="2022-03-02T18:14:10 IST">
          <params>
            <param index="0">
              <value>
                <![CDATA[[TestResult name=verifyHelpdeskRaiseTicketByLocation status=SUCCESS method=HelpdeskRaiseTicketByLocationTest.verifyHelpdeskRaiseTicketByLocation()[pri:0, instance:HelixSenseTests.HelpdeskRaiseTicketByLocationTest@ad1f1f] output={null}]]]>
              </value>
            </param>
          </params>
          <reporter-output>
          </reporter-output>
        </test-method> <!-- extentReportAfterMethod -->
      </class> <!-- HelixSenseTests.HelpdeskRaiseTicketByLocationTest -->
    </test> <!-- Default test -->
  </suite> <!-- Default suite -->
</testng-results>
