<?xml version="1.0" encoding="UTF-8"?>
<!-- Generated by org.testng.reporters.JUnitXMLReporter -->
<testsuite hostname="MLI-LAP-180" ignored="1" name="HelpDeskByQRCodeTest" tests="1" failures="0" timestamp="2022-03-23T10:48:06 IST" time="63.644" errors="0">
  <testcase name="verifyHelpDeskRaiseTicketyUsingQRCode" time="43.923" classname="HelixSenseTests.HelpDeskByQRCodeTest"/>
  <testcase name="HelixSenseLogIn" time="0.0" classname="HelixSenseTests.HelpDeskByQRCodeTest">
    <ignored/>
  </testcase> <!-- HelixSenseLogIn -->
</testsuite> <!-- HelpDeskByQRCodeTest -->
