<?xml version="1.0" encoding="UTF-8"?>
<!-- Generated by org.testng.reporters.JUnitXMLReporter -->
<testsuite hostname="MLI-LAP-180" ignored="0" name="Inbound verification with employee" tests="3" failures="0" timestamp="2022-02-24T19:10:38 IST" time="105.271" errors="0">
  <testcase name="verifyAddInboundMailWithEmployee" time="39.812" classname="HelixSenseTests.AddInboundMailWithEmployeeTest"/>
  <testcase name="verifyWhetherInboundisCreated" time="8.663" classname="HelixSenseTests.AddInboundMailWithEmployeeTest"/>
  <testcase name="verifyChangeStatusRegistrytoDelivery" time="19.635" classname="HelixSenseTests.AddInboundMailWithEmployeeTest"/>
</testsuite> <!-- Inbound verification with employee -->
