<?xml version="1.0" encoding="UTF-8"?>
<!-- Generated by org.testng.reporters.JUnitXMLReporter -->
<testsuite hostname="MLI-LAP-180" ignored="0" name="Outbound verification with employee" tests="3" failures="0" timestamp="2022-02-24T19:14:22 IST" time="104.333" errors="0">
  <testcase name="verifyAddOutboundMailWithEmployee" time="38.28" classname="HelixSenseTests.AddOutboundMailWithEmployeeTest"/>
  <testcase name="verifyWhetherOutboundisCreated" time="8.656" classname="HelixSenseTests.AddOutboundMailWithEmployeeTest"/>
  <testcase name="verifyChangeStatusReadytoDispatch" time="24.501" classname="HelixSenseTests.AddOutboundMailWithEmployeeTest"/>
</testsuite> <!-- Outbound verification with employee -->
