<?xml version="1.0" encoding="UTF-8"?>
<!-- Generated by org.testng.reporters.JUnitXMLReporter -->
<testsuite hostname="MLI-LAP-180" ignored="0" name="AssetRegistryByQRScrapTest" tests="1" failures="0" timestamp="2022-03-14T18:22:53 IST" time="0.018" errors="0">
  <testcase name="@BeforeMethod testSetup" time="-1.647262373477E9" classname="HelixSenseTests.HelixSenseTestBase">
    <failure type="org.testng.TestNGException" message="
Can inject only one of &amp;lt;ITestContext, XmlTest, Method, Object[], ITestResult&amp;gt; into a @BeforeMethod annotated testSetup.
For more information on native dependency injection please refer to https://testng.org/doc/documentation-main.html#native-dependency-injection">
      <![CDATA[org.testng.TestNGException: 
Can inject only one of <ITestContext, XmlTest, Method, Object[], ITestResult> into a @BeforeMethod annotated testSetup.
For more information on native dependency injection please refer to https://testng.org/doc/documentation-main.html#native-dependency-injection
at java.util.ArrayList.forEach(Unknown Source)
... Removed 28 stack frames]]>
    </failure>
  </testcase> <!-- @BeforeMethod testSetup -->
  <testcase name="@AfterMethod testCleanUp" time="-1.647262373484E9" classname="HelixSenseTests.HelixSenseTestBase">
    <skipped/>
  </testcase> <!-- @AfterMethod testCleanUp -->
  <testcase name="@AfterMethod extentReportAfterMethod" time="-1.647262373486E9" classname="HelixSenseTests.HelixSenseTestBase">
    <skipped/>
  </testcase> <!-- @AfterMethod extentReportAfterMethod -->
  <testcase name="verifyAssetRegistryByScrap" time="0.0" classname="HelixSenseTests.AssetRegistryByQRScrapTest">
    <skipped/>
  </testcase> <!-- verifyAssetRegistryByScrap -->
</testsuite> <!-- AssetRegistryByQRScrapTest -->
