<?xml version="1.0" encoding="UTF-8"?>
<!-- Generated by org.testng.reporters.JUnitXMLReporter -->
<testsuite hostname="MLI-LAP-180" ignored="0" name="Asset Registry Actions" tests="4" failures="0" timestamp="2022-03-15T20:09:37 IST" time="109.678" errors="0">
  <testcase name="verifyAssetRegistryActions" time="20.122" classname="HelixSenseTests.AssetRegistryActionsTest"/>
  <testcase name="verifyAssetRegistryStoreWareHouse" time="15.929" classname="HelixSenseTests.AssetRegistryActionsTest"/>
  <testcase name="verifyAssetRegistryBreakdown" time="16.048" classname="HelixSenseTests.AssetRegistryActionsTest"/>
  <testcase name="verifyAssetRegistryScrap" time="14.694" classname="HelixSenseTests.AssetRegistryActionsTest"/>
</testsuite> <!-- Asset Registry Actions -->
