<?xml version="1.0" encoding="UTF-8"?>
<!-- Generated by org.testng.reporters.JUnitXMLReporter -->
<testsuite hostname="MLI-LAP-180" ignored="0" name="Asset Registry Actions" tests="4" failures="0" timestamp="2022-03-02T18:44:13 IST" time="108.547" errors="0">
  <testcase name="verifyAssetRegistryActions" time="20.132" classname="HelixSenseTests.AssetRegistryActionsTest"/>
  <testcase name="verifyAssetRegistryStoreWareHouse" time="14.466" classname="HelixSenseTests.AssetRegistryActionsTest"/>
  <testcase name="verifyAssetRegistryBreakdown" time="14.58" classname="HelixSenseTests.AssetRegistryActionsTest"/>
  <testcase name="verifyAssetRegistryScrap" time="14.577" classname="HelixSenseTests.AssetRegistryActionsTest"/>
</testsuite> <!-- Asset Registry Actions -->
