<?xml version="1.0" encoding="UTF-8"?>
<!-- Generated by org.testng.reporters.JUnitXMLReporter -->
<testsuite hostname="MLI-LAP-180" ignored="0" name="HelixSearchByQRCodeTest" tests="3" failures="0" timestamp="2022-03-23T18:03:37 IST" time="179.424" errors="0">
  <testcase name="verifyHelixSenseSearchByQR" time="36.762" classname="HelixSenseTests.HelixSearchByQRCodeTest"/>
  <testcase name="verifyPendingWorkOrdersScanQR" time="31.385" classname="HelixSenseTests.HelixSearchByQRCodeTest"/>
  <testcase name="verifyRaiseATicketByGlobalSearchUsingQR" time="41.475" classname="HelixSenseTests.HelixSearchByQRCodeTest"/>
</testsuite> <!-- HelixSearchByQRCodeTest -->
