<?xml version="1.0" encoding="UTF-8"?>
<!-- Generated by org.testng.reporters.JUnitXMLReporter -->
<testsuite hostname="MLI-LAP-180" ignored="0" name="HelixSearchByQRCodeTest" tests="3" failures="0" timestamp="2022-03-14T18:22:53 IST" time="0.037" errors="0">
  <testcase name="@BeforeMethod testSetup" time="-1.647262373527E9" classname="HelixSenseTests.HelixSenseTestBase">
    <failure type="org.testng.TestNGException" message="
Can inject only one of &amp;lt;ITestContext, XmlTest, Method, Object[], ITestResult&amp;gt; into a @BeforeMethod annotated testSetup.
For more information on native dependency injection please refer to https://testng.org/doc/documentation-main.html#native-dependency-injection">
      <![CDATA[org.testng.TestNGException: 
Can inject only one of <ITestContext, XmlTest, Method, Object[], ITestResult> into a @BeforeMethod annotated testSetup.
For more information on native dependency injection please refer to https://testng.org/doc/documentation-main.html#native-dependency-injection
at java.util.ArrayList.forEach(Unknown Source)
... Removed 28 stack frames]]>
    </failure>
  </testcase> <!-- @BeforeMethod testSetup -->
  <testcase name="@AfterMethod testCleanUp" time="-1.647262373535E9" classname="HelixSenseTests.HelixSenseTestBase">
    <skipped/>
  </testcase> <!-- @AfterMethod testCleanUp -->
  <testcase name="@AfterMethod extentReportAfterMethod" time="-1.647262373536E9" classname="HelixSenseTests.HelixSenseTestBase">
    <skipped/>
  </testcase> <!-- @AfterMethod extentReportAfterMethod -->
  <testcase name="@BeforeMethod extentReportBeforeMethod" time="-1.647262373538E9" classname="HelixSenseTests.HelixSenseTestBase">
    <skipped/>
  </testcase> <!-- @BeforeMethod extentReportBeforeMethod -->
  <testcase name="@BeforeMethod testSetup" time="-1.64726237354E9" classname="HelixSenseTests.HelixSenseTestBase">
    <skipped/>
  </testcase> <!-- @BeforeMethod testSetup -->
  <testcase name="@AfterMethod testCleanUp" time="-1.647262373547E9" classname="HelixSenseTests.HelixSenseTestBase">
    <skipped/>
  </testcase> <!-- @AfterMethod testCleanUp -->
  <testcase name="@AfterMethod extentReportAfterMethod" time="-1.647262373548E9" classname="HelixSenseTests.HelixSenseTestBase">
    <skipped/>
  </testcase> <!-- @AfterMethod extentReportAfterMethod -->
  <testcase name="@BeforeMethod extentReportBeforeMethod" time="-1.64726237355E9" classname="HelixSenseTests.HelixSenseTestBase">
    <skipped/>
  </testcase> <!-- @BeforeMethod extentReportBeforeMethod -->
  <testcase name="@BeforeMethod testSetup" time="-1.647262373553E9" classname="HelixSenseTests.HelixSenseTestBase">
    <skipped/>
  </testcase> <!-- @BeforeMethod testSetup -->
  <testcase name="@AfterMethod testCleanUp" time="-1.647262373557E9" classname="HelixSenseTests.HelixSenseTestBase">
    <skipped/>
  </testcase> <!-- @AfterMethod testCleanUp -->
  <testcase name="@AfterMethod extentReportAfterMethod" time="-1.647262373558E9" classname="HelixSenseTests.HelixSenseTestBase">
    <skipped/>
  </testcase> <!-- @AfterMethod extentReportAfterMethod -->
  <testcase name="verifyHelixSenseSearchByQR" time="0.0" classname="HelixSenseTests.HelixSearchByQRCodeTest">
    <skipped/>
  </testcase> <!-- verifyHelixSenseSearchByQR -->
  <testcase name="verifyPendingWorkOrdersScanQR" time="0.0" classname="HelixSenseTests.HelixSearchByQRCodeTest">
    <skipped/>
  </testcase> <!-- verifyPendingWorkOrdersScanQR -->
  <testcase name="verifyRaiseATicketByGlobalSearchUsingQR" time="0.0" classname="HelixSenseTests.HelixSearchByQRCodeTest">
    <skipped/>
  </testcase> <!-- verifyRaiseATicketByGlobalSearchUsingQR -->
</testsuite> <!-- HelixSearchByQRCodeTest -->
