<?xml version="1.0" encoding="UTF-8"?>
<!-- Generated by org.testng.reporters.JUnitXMLReporter -->
<testsuite hostname="MLI-LAP-180" ignored="1" name="HelpDeskByQRCodeTest" tests="1" failures="0" timestamp="2022-03-23T17:59:29 IST" time="76.738" errors="0">
  <testcase name="verifyHelpDeskRaiseTicketyUsingQRCode" time="53.008" classname="HelixSenseTests.HelpDeskByQRCodeTest"/>
  <testcase name="HelixSenseLogIn" time="0.0" classname="HelixSenseTests.HelpDeskByQRCodeTest">
    <ignored/>
  </testcase> <!-- HelixSenseLogIn -->
</testsuite> <!-- HelpDeskByQRCodeTest -->
