<?xml version="1.0" encoding="UTF-8"?>
<!-- Generated by org.testng.reporters.JUnitXMLReporter -->
<testsuite hostname="MLI-LAP-180" ignored="0" name="Outbound verification with department" tests="3" failures="0" timestamp="2022-03-02T18:42:24 IST" time="106.003" errors="0">
  <testcase name="verifyAddOutboundMailWithEmployee" time="40.036" classname="HelixSenseTests.AddOutboundMailWithEmployeeTest"/>
  <testcase name="verifyWhetherOutboundisCreated" time="8.488" classname="HelixSenseTests.AddOutboundMailWithEmployeeTest"/>
  <testcase name="verifyChangeStatusReadytoDispatch" time="24.039" classname="HelixSenseTests.AddOutboundMailWithEmployeeTest"/>
</testsuite> <!-- Outbound verification with department -->
