<?xml version="1.0" encoding="UTF-8"?>
<!-- Generated by org.testng.reporters.JUnitXMLReporter -->
<testsuite hostname="MLI-LAP-180" ignored="0" name="Outbound verification with department" tests="3" failures="0" timestamp="2022-03-14T18:22:53 IST" time="0.038" errors="0">
  <testcase name="@BeforeMethod testSetup" time="-1.647262373139E9" classname="HelixSenseTests.HelixSenseTestBase">
    <failure type="org.testng.TestNGException" message="
Can inject only one of &amp;lt;ITestContext, XmlTest, Method, Object[], ITestResult&amp;gt; into a @BeforeMethod annotated testSetup.
For more information on native dependency injection please refer to https://testng.org/doc/documentation-main.html#native-dependency-injection">
      <![CDATA[org.testng.TestNGException: 
Can inject only one of <ITestContext, XmlTest, Method, Object[], ITestResult> into a @BeforeMethod annotated testSetup.
For more information on native dependency injection please refer to https://testng.org/doc/documentation-main.html#native-dependency-injection
at java.util.ArrayList.forEach(Unknown Source)
... Removed 28 stack frames]]>
    </failure>
  </testcase> <!-- @BeforeMethod testSetup -->
  <testcase name="@AfterMethod testCleanUp" time="-1.647262373148E9" classname="HelixSenseTests.HelixSenseTestBase">
    <skipped/>
  </testcase> <!-- @AfterMethod testCleanUp -->
  <testcase name="@AfterMethod extentReportAfterMethod" time="-1.647262373151E9" classname="HelixSenseTests.HelixSenseTestBase">
    <skipped/>
  </testcase> <!-- @AfterMethod extentReportAfterMethod -->
  <testcase name="@BeforeMethod extentReportBeforeMethod" time="-1.647262373154E9" classname="HelixSenseTests.HelixSenseTestBase">
    <skipped/>
  </testcase> <!-- @BeforeMethod extentReportBeforeMethod -->
  <testcase name="@BeforeMethod testSetup" time="-1.647262373155E9" classname="HelixSenseTests.HelixSenseTestBase">
    <skipped/>
  </testcase> <!-- @BeforeMethod testSetup -->
  <testcase name="@AfterMethod testCleanUp" time="-1.64726237316E9" classname="HelixSenseTests.HelixSenseTestBase">
    <skipped/>
  </testcase> <!-- @AfterMethod testCleanUp -->
  <testcase name="@AfterMethod extentReportAfterMethod" time="-1.647262373162E9" classname="HelixSenseTests.HelixSenseTestBase">
    <skipped/>
  </testcase> <!-- @AfterMethod extentReportAfterMethod -->
  <testcase name="@BeforeMethod extentReportBeforeMethod" time="-1.647262373165E9" classname="HelixSenseTests.HelixSenseTestBase">
    <skipped/>
  </testcase> <!-- @BeforeMethod extentReportBeforeMethod -->
  <testcase name="@BeforeMethod testSetup" time="-1.647262373166E9" classname="HelixSenseTests.HelixSenseTestBase">
    <skipped/>
  </testcase> <!-- @BeforeMethod testSetup -->
  <testcase name="@AfterMethod testCleanUp" time="-1.647262373171E9" classname="HelixSenseTests.HelixSenseTestBase">
    <skipped/>
  </testcase> <!-- @AfterMethod testCleanUp -->
  <testcase name="@AfterMethod extentReportAfterMethod" time="-1.647262373173E9" classname="HelixSenseTests.HelixSenseTestBase">
    <skipped/>
  </testcase> <!-- @AfterMethod extentReportAfterMethod -->
  <testcase name="verifyAddOutboundMailWithEmployee" time="0.0" classname="HelixSenseTests.AddOutboundMailWithEmployeeTest">
    <skipped/>
  </testcase> <!-- verifyAddOutboundMailWithEmployee -->
  <testcase name="verifyWhetherOutboundisCreated" time="0.0" classname="HelixSenseTests.AddOutboundMailWithEmployeeTest">
    <skipped/>
  </testcase> <!-- verifyWhetherOutboundisCreated -->
  <testcase name="verifyChangeStatusReadytoDispatch" time="0.0" classname="HelixSenseTests.AddOutboundMailWithEmployeeTest">
    <skipped/>
  </testcase> <!-- verifyChangeStatusReadytoDispatch -->
</testsuite> <!-- Outbound verification with department -->
