<?xml version="1.0" encoding="UTF-8"?>
<!-- Generated by org.testng.reporters.JUnitXMLReporter -->
<testsuite hostname="MLI-LAP-180" ignored="0" name="RaiseATicketForAssetTest" tests="1" failures="1" timestamp="2022-03-23T11:55:58 IST" time="304.016" errors="0">
  <testcase name="verifyHelpdeskRaiseTicketByLocation" time="289.968" classname="HelixSenseTests.RaiseATicketForAssetTest">
    <failure type="org.openqa.selenium.NoSuchElementException" message="Can&amp;apos;t locate an element by this strategy: By.chained({By.xpath: /hierarchy/android.widget.FrameLayout/android.widget.LinearLayout/android.widget.FrameLayout/android.widget.LinearLayout/android.widget.FrameLayout/androidx.drawerlayout.widget.DrawerLayout/android.widget.RelativeLayout/android.widget.FrameLayout/android.widget.RelativeLayout/android.widget.RelativeLayout/android.widget.RelativeLayout/androidx.appcompat.widget.LinearLayoutCompat/android.widget.LinearLayout/android.widget.LinearLayout/android.widget.LinearLayout/android.widget.AutoCompleteTextView/hierarchy/android.widget.FrameLayout/android.widget.LinearLayout/android.widget.FrameLayout/android.widget.LinearLayout/android.widget.FrameLayout/androidx.drawerlayout.widget.DrawerLayout/android.widget.RelativeLayout/android.widget.FrameLayout/android.widget.RelativeLayout/android.widget.RelativeLayout/android.widget.RelativeLayout/androidx.appcompat.widget.LinearLayoutCompat/android.widget.LinearLayout/android.widget.LinearLayout/android.widget.LinearLayout/android.widget.AutoCompleteTextView})">
      <![CDATA[org.openqa.selenium.NoSuchElementException: Can't locate an element by this strategy: By.chained({By.xpath: /hierarchy/android.widget.FrameLayout/android.widget.LinearLayout/android.widget.FrameLayout/android.widget.LinearLayout/android.widget.FrameLayout/androidx.drawerlayout.widget.DrawerLayout/android.widget.RelativeLayout/android.widget.FrameLayout/android.widget.RelativeLayout/android.widget.RelativeLayout/android.widget.RelativeLayout/androidx.appcompat.widget.LinearLayoutCompat/android.widget.LinearLayout/android.widget.LinearLayout/android.widget.LinearLayout/android.widget.AutoCompleteTextView/hierarchy/android.widget.FrameLayout/android.widget.LinearLayout/android.widget.FrameLayout/android.widget.LinearLayout/android.widget.FrameLayout/androidx.drawerlayout.widget.DrawerLayout/android.widget.RelativeLayout/android.widget.FrameLayout/android.widget.RelativeLayout/android.widget.RelativeLayout/android.widget.RelativeLayout/androidx.appcompat.widget.LinearLayoutCompat/android.widget.LinearLayout/android.widget.LinearLayout/android.widget.LinearLayout/android.widget.AutoCompleteTextView})
at io.appium.java_client.pagefactory.AppiumElementLocator.findElement(AppiumElementLocator.java:126)
at io.appium.java_client.pagefactory.interceptors.InterceptorOfASingleElement.intercept(InterceptorOfASingleElement.java:59)
at io.appium.java_client.android.AndroidElement$$EnhancerByCGLIB$$b598166c.sendKeys(<generated>)
at HelixSensePages.RaiseATicketForAssetPage.addAssetByName(RaiseATicketForAssetPage.java:110)
at HelixSenseTests.RaiseATicketForAssetTest.verifyHelpdeskRaiseTicketByLocation(RaiseATicketForAssetTest.java:18)
at java.util.ArrayList.forEach(Unknown Source)
Caused by: org.openqa.selenium.TimeoutException: Expected condition failed: waiting for io.appium.java_client.pagefactory.AppiumElementLocator$WaitingFunction@198daa0 (tried for 1 second(s) with 500 milliseconds interval)
at org.openqa.selenium.support.ui.FluentWait.timeoutException(FluentWait.java:304)
at org.openqa.selenium.support.ui.FluentWait.until(FluentWait.java:272)
at io.appium.java_client.pagefactory.AppiumElementLocator.waitFor(AppiumElementLocator.java:99)
at io.appium.java_client.pagefactory.AppiumElementLocator.findElement(AppiumElementLocator.java:119)
... 32 more
Caused by: org.openqa.selenium.NoSuchElementException: Cannot locate an element using By.chained({By.xpath: /hierarchy/android.widget.FrameLayout/android.widget.LinearLayout/android.widget.FrameLayout/android.widget.LinearLayout/android.widget.FrameLayout/androidx.drawerlayout.widget.DrawerLayout/android.widget.RelativeLayout/android.widget.FrameLayout/android.widget.RelativeLayout/android.widget.RelativeLayout/android.widget.RelativeLayout/androidx.appcompat.widget.LinearLayoutCompat/android.widget.LinearLayout/android.widget.LinearLayout/android.widget.LinearLayout/android.widget.AutoCompleteTextView/hierarchy/android.widget.FrameLayout/android.widget.LinearLayout/android.widget.FrameLayout/android.widget.LinearLayout/android.widget.FrameLayout/androidx.drawerlayout.widget.DrawerLayout/android.widget.RelativeLayout/android.widget.FrameLayout/android.widget.RelativeLayout/android.widget.RelativeLayout/android.widget.RelativeLayout/androidx.appcompat.widget.LinearLayoutCompat/android.widget.LinearLayout/android.widget.LinearLayout/android.widget.LinearLayout/android.widget.AutoCompleteTextView})
For documentation on this error, please visit: https://www.seleniumhq.org/exceptions/no_such_element.html
Build info: version: '3.141.59', revision: 'e82be7d358', time: '2018-11-14T08:17:03'
System info: host: 'MLI-LAP-180', ip: '172.16.1.240', os.name: 'Windows 10', os.arch: 'x86', os.version: '10.0', java.version: '1.8.0_311'
Driver info: driver.version: AndroidDriver
at io.appium.java_client.pagefactory.bys.builder.ByChained.findElement(ByChained.java:74)
at org.openqa.selenium.remote.RemoteWebDriver.findElement(RemoteWebDriver.java:315)
at io.appium.java_client.DefaultGenericMobileDriver.findElement(DefaultGenericMobileDriver.java:58)
at io.appium.java_client.AppiumDriver.findElement(AppiumDriver.java:1)
at io.appium.java_client.android.AndroidDriver.findElement(AndroidDriver.java:1)
at io.appium.java_client.pagefactory.bys.ContentMappedBy.findElement(ContentMappedBy.java:50)
at org.openqa.selenium.remote.RemoteWebDriver.findElement(RemoteWebDriver.java:315)
at io.appium.java_client.DefaultGenericMobileDriver.findElement(DefaultGenericMobileDriver.java:58)
at io.appium.java_client.AppiumDriver.findElement(AppiumDriver.java:1)
at io.appium.java_client.android.AndroidDriver.findElement(AndroidDriver.java:1)
at io.appium.java_client.pagefactory.AppiumElementLocator.lambda$0(AppiumElementLocator.java:120)
at io.appium.java_client.pagefactory.AppiumElementLocator$WaitingFunction.apply(AppiumElementLocator.java:172)
at io.appium.java_client.pagefactory.AppiumElementLocator$WaitingFunction.apply(AppiumElementLocator.java:1)
at org.openqa.selenium.support.ui.FluentWait.until(FluentWait.java:249)
... 34 more
... Removed 27 stack frames]]>
    </failure>
  </testcase> <!-- verifyHelpdeskRaiseTicketByLocation -->
</testsuite> <!-- RaiseATicketForAssetTest -->
