<?xml version="1.0" encoding="UTF-8"?>
<!-- Generated by org.testng.reporters.JUnitXMLReporter -->
<testsuite hostname="MLI-LAP-180" ignored="0" name="SmartLogger Test" tests="3" failures="0" timestamp="2022-03-23T18:08:28 IST" time="170.127" errors="0">
  <testcase name="verifyAssetRegistryIsReplaced" time="32.866" classname="HelixSenseTests.SmartLoggerTest"/>
  <testcase name="verifyAssetRegistryMoveToAnotherLocation" time="33.81" classname="HelixSenseTests.SmartLoggerTest"/>
  <testcase name="verifySmartLoggerUsingQR" time="30.541" classname="HelixSenseTests.SmartLoggerTest"/>
</testsuite> <!-- SmartLogger Test -->
