<?xml version="1.0" encoding="UTF-8"?>
<!-- Generated by org.testng.reporters.JUnitXMLReporter -->
<testsuite hostname="MLI-LAP-180" ignored="0" name="ValidateAssestsTest" tests="1" failures="1" timestamp="2022-03-15T19:58:24 IST" time="27.811" errors="0">
  <testcase name="ValidateAssests" time="16.608" classname="HelixSenseTests.ValidateAssestsTest">
    <failure type="org.openqa.selenium.StaleElementReferenceException" message="The element &amp;apos;By.xpath: //android.widget.Button[@text=&amp;apos;SCRAPPED ASSETS&amp;apos;]&amp;apos; does not exist in DOM anymore
For documentation on this error, please visit: https://www.seleniumhq.org/exceptions/stale_element_reference.html
Build info: version: &amp;apos;3.141.59&amp;apos;, revision: &amp;apos;e82be7d358&amp;apos;, time: &amp;apos;2018-11-14T08:17:03&amp;apos;
System info: host: &amp;apos;MLI-LAP-180&amp;apos;, ip: &amp;apos;192.168.0.134&amp;apos;, os.name: &amp;apos;Windows 10&amp;apos;, os.arch: &amp;apos;x86&amp;apos;, os.version: &amp;apos;10.0&amp;apos;, java.version: &amp;apos;1.8.0_311&amp;apos;
Driver info: io.appium.java_client.android.AndroidDriver
Capabilities {app: C:\Users\Durga\Downloads\hs..., appPackage: com.app.hsense.compass, automationName: UiAutomator2, databaseEnabled: false, desired: {app: C:\Users\Durga\Downloads\hs..., appPackage: com.app.hsense.compass, automationName: UiAutomator2, noReset: true, platformName: android, platformVersion: 11, udid: LFMBYDSGYXDQCIJF}, deviceApiLevel: 30, deviceManufacturer: realme, deviceModel: RMX3085, deviceName: LFMBYDSGYXDQCIJF, deviceScreenDensity: 480, deviceScreenSize: 1080x2400, deviceUDID: LFMBYDSGYXDQCIJF, javascriptEnabled: true, locationContextEnabled: false, networkConnectionEnabled: true, noReset: true, pixelRatio: 3, platform: LINUX, platformName: Android, platformVersion: 11, statBarHeight: 110, takesScreenshot: true, udid: LFMBYDSGYXDQCIJF, viewportRect: {height: 2048, left: 0, top: 110, width: 1080}, warnings: {}, webStorageEnabled: false}
Session ID: a2750f81-ae6c-4b03-94a5-6fc33bfbaa0a">
      <![CDATA[org.openqa.selenium.StaleElementReferenceException: The element 'By.xpath: //android.widget.Button[@text='SCRAPPED ASSETS']' does not exist in DOM anymore
For documentation on this error, please visit: https://www.seleniumhq.org/exceptions/stale_element_reference.html
Build info: version: '3.141.59', revision: 'e82be7d358', time: '2018-11-14T08:17:03'
System info: host: 'MLI-LAP-180', ip: '192.168.0.134', os.name: 'Windows 10', os.arch: 'x86', os.version: '10.0', java.version: '1.8.0_311'
Driver info: io.appium.java_client.android.AndroidDriver
Capabilities {app: C:\Users\Durga\Downloads\hs..., appPackage: com.app.hsense.compass, automationName: UiAutomator2, databaseEnabled: false, desired: {app: C:\Users\Durga\Downloads\hs..., appPackage: com.app.hsense.compass, automationName: UiAutomator2, noReset: true, platformName: android, platformVersion: 11, udid: LFMBYDSGYXDQCIJF}, deviceApiLevel: 30, deviceManufacturer: realme, deviceModel: RMX3085, deviceName: LFMBYDSGYXDQCIJF, deviceScreenDensity: 480, deviceScreenSize: 1080x2400, deviceUDID: LFMBYDSGYXDQCIJF, javascriptEnabled: true, locationContextEnabled: false, networkConnectionEnabled: true, noReset: true, pixelRatio: 3, platform: LINUX, platformName: Android, platformVersion: 11, statBarHeight: 110, takesScreenshot: true, udid: LFMBYDSGYXDQCIJF, viewportRect: {height: 2048, left: 0, top: 110, width: 1080}, warnings: {}, webStorageEnabled: false}
Session ID: a2750f81-ae6c-4b03-94a5-6fc33bfbaa0a
at org.openqa.selenium.remote.http.W3CHttpResponseCodec.createException(W3CHttpResponseCodec.java:187)
at org.openqa.selenium.remote.http.W3CHttpResponseCodec.decode(W3CHttpResponseCodec.java:122)
at org.openqa.selenium.remote.http.W3CHttpResponseCodec.decode(W3CHttpResponseCodec.java:49)
at org.openqa.selenium.remote.HttpCommandExecutor.execute(HttpCommandExecutor.java:158)
at io.appium.java_client.remote.AppiumCommandExecutor.execute(AppiumCommandExecutor.java:239)
at org.openqa.selenium.remote.RemoteWebDriver.execute(RemoteWebDriver.java:552)
at io.appium.java_client.DefaultGenericMobileDriver.execute(DefaultGenericMobileDriver.java:42)
at io.appium.java_client.AppiumDriver.execute(AppiumDriver.java:1)
at io.appium.java_client.android.AndroidDriver.execute(AndroidDriver.java:1)
at org.openqa.selenium.remote.RemoteWebElement.execute(RemoteWebElement.java:285)
at io.appium.java_client.DefaultGenericMobileElement.execute(DefaultGenericMobileElement.java:45)
at io.appium.java_client.MobileElement.execute(MobileElement.java:1)
at io.appium.java_client.android.AndroidElement.execute(AndroidElement.java:1)
at org.openqa.selenium.remote.RemoteWebElement.isDisplayed(RemoteWebElement.java:326)
at io.appium.java_client.pagefactory.ElementInterceptor.getObject(ElementInterceptor.java:40)
at io.appium.java_client.pagefactory.interceptors.InterceptorOfASingleElement.intercept(InterceptorOfASingleElement.java:60)
at io.appium.java_client.android.AndroidElement$$EnhancerByCGLIB$$b598166c.isDisplayed(<generated>)
at HelixSensePages.ValidateAssestsPage.getScrappedstatus(ValidateAssestsPage.java:72)
at HelixSenseTests.ValidateAssestsTest.ValidateAssests(ValidateAssestsTest.java:21)
at java.util.ArrayList.forEach(Unknown Source)
... Removed 35 stack frames]]>
    </failure>
  </testcase> <!-- ValidateAssests -->
</testsuite> <!-- ValidateAssestsTest -->
